<?xml version="1.0" encoding="UTF-8"?>
<!-- Generated by org.testng.reporters.JUnitReportReporter -->
<testsuite hostname="hp" failures="0" tests="1" name="testCases.tc002_LoginTest" time="1.575" errors="0" timestamp="2024-10-21T23:34:59 IST" skipped="0">
  <testcase classname="testCases.tc002_LoginTest" name="verify_login" time="1.575"/>
</testsuite> <!-- testCases.tc002_LoginTest -->
