<?xml version="1.0" encoding="UTF-8"?>
<!-- Generated by org.testng.reporters.JUnitReportReporter -->
<testsuite hostname="hp" failures="0" tests="1" name="testCases.tc001_AccountRegistrationTest" time="1.372" errors="0" timestamp="2024-10-21T23:34:59 IST" skipped="0">
  <testcase classname="testCases.tc001_AccountRegistrationTest" name="verify_account_registration" time="1.372"/>
</testsuite> <!-- testCases.tc001_AccountRegistrationTest -->
