<?xml version="1.0" encoding="UTF-8"?>
<!-- Generated by org.testng.reporters.JUnitReportReporter -->
<testsuite hostname="hp" failures="0" tests="5" name="testCases.tc003_LoginDDT" time="49.708" errors="0" timestamp="2024-10-21T12:41:24 IST" skipped="0">
  <testcase classname="testCases.tc003_LoginDDT" name="verify_loginDDT" time="12.410"/>
  <testcase classname="testCases.tc003_LoginDDT" name="verify_loginDDT" time="2.135"/>
  <testcase classname="testCases.tc003_LoginDDT" name="verify_loginDDT" time="11.218"/>
  <testcase classname="testCases.tc003_LoginDDT" name="verify_loginDDT" time="12.072"/>
  <testcase classname="testCases.tc003_LoginDDT" name="verify_loginDDT" time="11.873"/>
</testsuite> <!-- testCases.tc003_LoginDDT -->
