<?xml version="1.0" encoding="UTF-8"?>
<!-- Generated by org.testng.reporters.JUnitReportReporter -->
<testsuite hostname="hp" failures="0" tests="1" name="testCases.tc002_LoginTest" time="1.522" errors="0" timestamp="2024-10-22T01:33:35 IST" skipped="0">
  <testcase classname="testCases.tc002_LoginTest" name="verify_login" time="1.522"/>
</testsuite> <!-- testCases.tc002_LoginTest -->
